d:\prg\c++\raytracing\src\pg\pg1_embree\x64\release\vc141.pdb
d:\prg\c++\raytracing\src\pg\pg1_embree\x64\release\texture.obj
d:\prg\c++\raytracing\src\pg\pg1_embree\x64\release\surface.obj
d:\prg\c++\raytracing\src\pg\pg1_embree\x64\release\structs.obj
d:\prg\c++\raytracing\src\pg\pg1_embree\x64\release\sphericalmap.obj
d:\prg\c++\raytracing\src\pg\pg1_embree\x64\release\singleton.obj
d:\prg\c++\raytracing\src\pg\pg1_embree\x64\release\simpleguidx11.obj
d:\prg\c++\raytracing\src\pg\pg1_embree\x64\release\pg1_embree.obj
d:\prg\c++\raytracing\src\pg\pg1_embree\x64\release\objloader.obj
d:\prg\c++\raytracing\src\pg\pg1_embree\x64\release\mymath.obj
d:\prg\c++\raytracing\src\pg\pg1_embree\x64\release\matrix3x3.obj
d:\prg\c++\raytracing\src\pg\pg1_embree\x64\release\material.obj
d:\prg\c++\raytracing\src\pg\pg1_embree\x64\release\lightsource.obj
d:\prg\c++\raytracing\src\pg\pg1_embree\x64\release\camera.obj
d:\prg\c++\raytracing\src\pg\pg1_embree\x64\release\bvh.obj
d:\prg\c++\raytracing\src\pg\pg1_embree\x64\release\imgui_impl_win32.obj
d:\prg\c++\raytracing\src\pg\pg1_embree\x64\release\imgui_impl_dx11.obj
d:\prg\c++\raytracing\src\pg\pg1_embree\x64\release\imgui_draw.obj
d:\prg\c++\raytracing\src\pg\pg1_embree\x64\release\imgui_demo.obj
d:\prg\c++\raytracing\src\pg\pg1_embree\x64\release\imgui.obj
d:\prg\c++\raytracing\src\pg\pg1_embree\x64\release\vertex.obj
d:\prg\c++\raytracing\src\pg\pg1_embree\x64\release\vector3.obj
d:\prg\c++\raytracing\src\pg\pg1_embree\x64\release\utils.obj
d:\prg\c++\raytracing\src\pg\pg1_embree\x64\release\triangle.obj
d:\prg\c++\raytracing\src\pg\pg1_embree\x64\release\tutorials.obj
d:\prg\c++\raytracing\src\pg\pg1_embree\x64\release\raytracer.obj
d:\prg\c++\raytracing\src\pg\pg1_embree\x64\release\pg1_embree.pch
d:\prg\c++\raytracing\src\pg\pg1_embree\x64\release\stdafx.obj
d:\prg\c++\raytracing\src\pg\pg1_embree\x64\release\rng.obj
d:\prg\c++\raytracing\src\pg\x64\release\pg1_embree.exe
d:\prg\c++\raytracing\src\pg\x64\release\pg1_embree.pdb
d:\prg\c++\raytracing\src\pg\x64\release\pg1_embree.ipdb
d:\prg\c++\raytracing\src\pg\x64\release\pg1_embree.iobj
d:\prg\c++\raytracing\src\pg\pg1_embree\x64\release\cudarng.cu.cache
d:\prg\c++\raytracing\src\pg\pg1_embree\x64\release\cudarng.cu.obj
d:\prg\c++\raytracing\src\pg\pg1_embree\x64\release\pg1_embree.tlog\cl.command.1.tlog
d:\prg\c++\raytracing\src\pg\pg1_embree\x64\release\pg1_embree.tlog\cl.read.1.tlog
d:\prg\c++\raytracing\src\pg\pg1_embree\x64\release\pg1_embree.tlog\cl.write.1.tlog
d:\prg\c++\raytracing\src\pg\pg1_embree\x64\release\pg1_embree.tlog\link.command.1.tlog
d:\prg\c++\raytracing\src\pg\pg1_embree\x64\release\pg1_embree.tlog\link.read.1.tlog
d:\prg\c++\raytracing\src\pg\pg1_embree\x64\release\pg1_embree.tlog\link.write.1.tlog
d:\prg\c++\raytracing\src\pg\pg1_embree\x64\release\pg1_embree.tlog\pg1_embree.write.1u.tlog
