d:\prg\c++\raytracing\src\pg\pg1_embree\x64\debug\pg1_embree.pch
d:\prg\c++\raytracing\src\pg\pg1_embree\x64\debug\vc141.pdb
d:\prg\c++\raytracing\src\pg\pg1_embree\x64\debug\vc141.idb
d:\prg\c++\raytracing\src\pg\pg1_embree\x64\debug\stdafx.obj
d:\prg\c++\raytracing\src\pg\pg1_embree\x64\debug\surface.obj
d:\prg\c++\raytracing\src\pg\pg1_embree\x64\debug\structs.obj
d:\prg\c++\raytracing\src\pg\pg1_embree\x64\debug\sphericalmap.obj
d:\prg\c++\raytracing\src\pg\pg1_embree\x64\debug\singleton.obj
d:\prg\c++\raytracing\src\pg\pg1_embree\x64\debug\simpleguidx11.obj
d:\prg\c++\raytracing\src\pg\pg1_embree\x64\debug\rng.obj
d:\prg\c++\raytracing\src\pg\pg1_embree\x64\debug\pg1_embree.obj
d:\prg\c++\raytracing\src\pg\pg1_embree\x64\debug\raytracer.obj
d:\prg\c++\raytracing\src\pg\pg1_embree\x64\debug\objloader.obj
d:\prg\c++\raytracing\src\pg\pg1_embree\x64\debug\mymath.obj
d:\prg\c++\raytracing\src\pg\pg1_embree\x64\debug\matrix3x3.obj
d:\prg\c++\raytracing\src\pg\pg1_embree\x64\debug\material.obj
d:\prg\c++\raytracing\src\pg\pg1_embree\x64\debug\lightsource.obj
d:\prg\c++\raytracing\src\pg\pg1_embree\x64\debug\camera.obj
d:\prg\c++\raytracing\src\pg\pg1_embree\x64\debug\bvh.obj
d:\prg\c++\raytracing\src\pg\pg1_embree\x64\debug\imgui_impl_win32.obj
d:\prg\c++\raytracing\src\pg\pg1_embree\x64\debug\imgui_impl_dx11.obj
d:\prg\c++\raytracing\src\pg\pg1_embree\x64\debug\imgui_draw.obj
d:\prg\c++\raytracing\src\pg\pg1_embree\x64\debug\imgui_demo.obj
d:\prg\c++\raytracing\src\pg\pg1_embree\x64\debug\imgui.obj
d:\prg\c++\raytracing\src\pg\pg1_embree\x64\debug\vertex.obj
d:\prg\c++\raytracing\src\pg\pg1_embree\x64\debug\vector3.obj
d:\prg\c++\raytracing\src\pg\pg1_embree\x64\debug\utils.obj
d:\prg\c++\raytracing\src\pg\pg1_embree\x64\debug\tutorials.obj
d:\prg\c++\raytracing\src\pg\pg1_embree\x64\debug\triangle.obj
d:\prg\c++\raytracing\src\pg\pg1_embree\x64\debug\texture.obj
d:\prg\c++\raytracing\src\pg\x64\debug\pg1_embree.exe
d:\prg\c++\raytracing\src\pg\x64\debug\pg1_embree.ilk
d:\prg\c++\raytracing\src\pg\x64\debug\pg1_embree.pdb
d:\prg\c++\raytracing\src\pg\x64\debug\pg1_embree.lib
d:\prg\c++\raytracing\src\pg\x64\debug\pg1_embree.exp
d:\prg\c++\raytracing\src\pg\pg1_embree\x64\debug\cudarng.cu.cache
d:\prg\c++\raytracing\src\pg\pg1_embree\x64\debug\cudarng.cu.obj
d:\prg\c++\raytracing\src\pg\pg1_embree\x64\debug\pg1_embree.tlog\cl.command.1.tlog
d:\prg\c++\raytracing\src\pg\pg1_embree\x64\debug\pg1_embree.tlog\cl.read.1.tlog
d:\prg\c++\raytracing\src\pg\pg1_embree\x64\debug\pg1_embree.tlog\cl.write.1.tlog
d:\prg\c++\raytracing\src\pg\pg1_embree\x64\debug\pg1_embree.tlog\link.command.1.tlog
d:\prg\c++\raytracing\src\pg\pg1_embree\x64\debug\pg1_embree.tlog\link.read.1.tlog
d:\prg\c++\raytracing\src\pg\pg1_embree\x64\debug\pg1_embree.tlog\link.write.1.tlog
d:\prg\c++\raytracing\src\pg\pg1_embree\x64\debug\pg1_embree.tlog\pg1_embree.write.1u.tlog
